<?xml version="1.0" encoding="UTF-8"?>
<!-- Generated by org.testng.reporters.JUnitXMLReporter -->
<testsuite ignored="2" hostname="TITAN" failures="0" tests="2" name="Default test" time="26.08" errors="0" timestamp="2026-06-05T14:00:40 IST">
  <testcase classname="com.qa.demoshop.tests.CheckOutTest" name="checkoutProduct" time="12.182"/>
  <testcase classname="com.qa.demoshop.tests.CheckOutTest" name="registerShopper" time="2.441"/>
  <testcase classname="com.qa.demoshop.tests.CheckOutTest" name="checkout" time="0.0">
    <ignored/>
  </testcase> <!-- checkout -->
  <testcase classname="com.qa.demoshop.tests.CheckOutTest" name="verifyRegisterPage" time="0.0">
    <ignored/>
  </testcase> <!-- verifyRegisterPage -->
</testsuite> <!-- Default test -->
