<?xml version="1.0" encoding="UTF-8"?>
<!-- Generated by org.testng.reporters.JUnitXMLReporter -->
<testsuite ignored="3" hostname="TITAN" failures="0" tests="1" name="Test" time="19.3" errors="0" timestamp="2026-06-03T15:09:57 IST">
  <testcase classname="com.qa.demoshop.tests.CheckOutTest" name="checkoutProduct" time="12.794"/>
  <testcase classname="com.qa.demoshop.tests.CheckOutTest" name="registerShopper" time="0.0">
    <ignored/>
  </testcase> <!-- registerShopper -->
  <testcase classname="com.qa.demoshop.tests.CheckOutTest" name="verifyRegisterPage" time="0.0">
    <ignored/>
  </testcase> <!-- verifyRegisterPage -->
  <testcase classname="com.qa.demoshop.tests.CheckOutTest" name="checkout" time="0.0">
    <ignored/>
  </testcase> <!-- checkout -->
</testsuite> <!-- Test -->
