<?xml version="1.0" encoding="UTF-8"?>
<!-- Generated by org.testng.reporters.JUnitXMLReporter -->
<testsuite ignored="4" hostname="TITAN" failures="0" tests="1" name="FirefoxBrowser" time="19.003" errors="0" timestamp="2026-06-04T13:56:44 IST">
  <testcase classname="com.qa.demoshop.tests.RegisterTest" name="verifyRegisterPage" time="0.812"/>
  <testcase classname="com.qa.demoshop.tests.RegisterTest" name="registerMultipleShopper" time="0.0">
    <ignored/>
  </testcase> <!-- registerMultipleShopper -->
  <testcase classname="com.qa.demoshop.tests.RegisterTest" name="mouseHoveringOnComputer" time="0.0">
    <ignored/>
  </testcase> <!-- mouseHoveringOnComputer -->
  <testcase classname="com.qa.demoshop.tests.RegisterTest" name="registerShopper" time="0.0">
    <ignored/>
  </testcase> <!-- registerShopper -->
  <testcase classname="com.qa.demoshop.tests.RegisterTest" name="generateFakeData" time="0.0">
    <ignored/>
  </testcase> <!-- generateFakeData -->
</testsuite> <!-- FirefoxBrowser -->
