<?xml version="1.0" encoding="UTF-8"?>
<testng-results ignored="2" total="4" passed="2" failed="0" skipped="0">
  <reporter-output>
    <line>
      <![CDATA[IT IS EXECUTING IN CHROME BROWSER]]>
    </line>
    <line>
      <![CDATA[IT IS EXECUTING IN CHROME BROWSER]]>
    </line>
  </reporter-output>
  <suite started-at="2026-06-05T14:00:14 IST" name="Default suite" finished-at="2026-06-05T14:00:40 IST" duration-ms="26080">
    <groups>
    </groups>
    <test started-at="2026-06-05T14:00:14 IST" name="Default test" finished-at="2026-06-05T14:00:40 IST" duration-ms="26080">
      <class name="com.qa.demoshop.tests.CheckOutTest">
        <test-method is-config="true" signature="setUp(java.lang.String)[pri:0, instance:com.qa.demoshop.tests.CheckOutTest@72cf2de5]" started-at="2026-06-05T14:00:14 IST" name="setUp" finished-at="2026-06-05T14:00:20 IST" duration-ms="5694" status="PASS">
          <params>
            <param index="0">
              <value is-null="true"/>
            </param>
          </params>
          <reporter-output>
            <line>
              <![CDATA[IT IS EXECUTING IN CHROME BROWSER]]>
            </line>
          </reporter-output>
        </test-method> <!-- setUp -->
        <test-method signature="checkoutProduct()[pri:0, instance:com.qa.demoshop.tests.CheckOutTest@72cf2de5]" started-at="2026-06-05T14:00:20 IST" name="checkoutProduct" finished-at="2026-06-05T14:00:32 IST" duration-ms="12182" status="PASS">
          <reporter-output>
          </reporter-output>
        </test-method> <!-- checkoutProduct -->
        <test-method is-config="true" signature="tearDown()[pri:0, instance:com.qa.demoshop.tests.CheckOutTest@72cf2de5]" started-at="2026-06-05T14:00:32 IST" name="tearDown" finished-at="2026-06-05T14:00:32 IST" duration-ms="280" status="PASS">
          <reporter-output>
          </reporter-output>
        </test-method> <!-- tearDown -->
        <test-method is-config="true" signature="setUp(java.lang.String)[pri:0, instance:com.qa.demoshop.tests.CheckOutTest@72cf2de5]" started-at="2026-06-05T14:00:32 IST" name="setUp" finished-at="2026-06-05T14:00:37 IST" duration-ms="5087" status="PASS">
          <params>
            <param index="0">
              <value is-null="true"/>
            </param>
          </params>
          <reporter-output>
            <line>
              <![CDATA[IT IS EXECUTING IN CHROME BROWSER]]>
            </line>
          </reporter-output>
        </test-method> <!-- setUp -->
        <test-method signature="registerShopper()[pri:0, instance:com.qa.demoshop.tests.CheckOutTest@72cf2de5]" started-at="2026-06-05T14:00:37 IST" name="registerShopper" finished-at="2026-06-05T14:00:40 IST" duration-ms="2441" status="PASS">
          <reporter-output>
          </reporter-output>
        </test-method> <!-- registerShopper -->
        <test-method is-config="true" signature="tearDown()[pri:0, instance:com.qa.demoshop.tests.CheckOutTest@72cf2de5]" started-at="2026-06-05T14:00:40 IST" name="tearDown" finished-at="2026-06-05T14:00:40 IST" duration-ms="231" status="PASS">
          <reporter-output>
          </reporter-output>
        </test-method> <!-- tearDown -->
      </class> <!-- com.qa.demoshop.tests.CheckOutTest -->
    </test> <!-- Default test -->
  </suite> <!-- Default suite -->
</testng-results>
