<?xml version="1.0" encoding="UTF-8"?>
<!-- Generated by org.testng.reporters.JUnitReportReporter -->
<testsuite hostname="TITAN" failures="0" tests="4" name="com.qa.demoshop.tests.CheckOutTest" time="25.915" errors="0" timestamp="2026-06-05T14:00:40 IST" skipped="2">
  <testcase classname="com.qa.demoshop.tests.CheckOutTest" name="checkoutProduct" time="17.500"/>
  <testcase classname="com.qa.demoshop.tests.CheckOutTest" name="registerShopper" time="8.415"/>
  <testcase classname="com.qa.demoshop.tests.CheckOutTest" name="checkout">
    <skipped/>
  </testcase> <!-- checkout -->
  <testcase classname="com.qa.demoshop.tests.CheckOutTest" name="verifyRegisterPage">
    <skipped/>
  </testcase> <!-- verifyRegisterPage -->
  <system-out>
    <![CDATA[IT IS EXECUTING IN CHROME BROWSER
IT IS EXECUTING IN CHROME BROWSER]]>
  </system-out>
</testsuite> <!-- com.qa.demoshop.tests.CheckOutTest -->
