<?xml version="1.0" encoding="UTF-8"?>
<!-- Generated by org.testng.reporters.JUnitReportReporter -->
<testsuite hostname="TITAN" failures="0" tests="1" name="com.qa.demoshop.tests.GuestWithoutRegister" time="18.633" errors="0" timestamp="2026-06-04T14:47:19 IST" skipped="0">
  <testcase classname="com.qa.demoshop.tests.GuestWithoutRegister" name="guestCheckout" time="18.633"/>
  <system-out>
    <![CDATA[IT IS EXECUTING IN CHROME BROWSER]]>
  </system-out>
</testsuite> <!-- com.qa.demoshop.tests.GuestWithoutRegister -->
