<?xml version="1.0" encoding="UTF-8"?>
<!-- Generated by org.testng.reporters.JUnitReportReporter -->
<testsuite hostname="TITAN" failures="0" tests="5" name="com.qa.demoshop.tests.RegisterTest" time="14.418" errors="0" timestamp="2026-06-05T13:59:43 IST" skipped="3">
  <testcase classname="com.qa.demoshop.tests.RegisterTest" name="verifyRegisterPage" time="5.092"/>
  <testcase classname="com.qa.demoshop.tests.RegisterTest" name="registerShopper" time="9.326"/>
  <testcase classname="com.qa.demoshop.tests.RegisterTest" name="generateFakeData">
    <skipped/>
  </testcase> <!-- generateFakeData -->
  <testcase classname="com.qa.demoshop.tests.RegisterTest" name="registerMultipleShopper">
    <skipped/>
  </testcase> <!-- registerMultipleShopper -->
  <testcase classname="com.qa.demoshop.tests.RegisterTest" name="mouseHoveringOnComputer">
    <skipped/>
  </testcase> <!-- mouseHoveringOnComputer -->
  <system-out>
    <![CDATA[IT IS EXECUTING IN CHROME BROWSER
IT IS EXECUTING IN CHROME BROWSER]]>
  </system-out>
</testsuite> <!-- com.qa.demoshop.tests.RegisterTest -->
